
legsid2 (10.3969.0.0): picture identification creator.
Copyright (C) Rocket Software, Inc. 1993-2022. All Rights Reserved.

legsid2 /yLSWB /a- /lm- /l1- /mc /i2 /m0 /national \u0021\u0023-\u0024\u0040\u005b-\u0060\u007b-\u00ff\u2014-\u2016\u20ac\u2212\u2225\u301c\uff0d\uff5e\uffe4\ufffd /bt /w0 /projectDir C:\Rocket\VLLD6 /projectSet C:\Rocket\VLLD6\Album\project.identification /output C:\Rocket\.metadata\.plugins\com.seagullsw.eclipse.project.hostbase\.temp\VLLD6\idrun\runtime.lwi

Build . . . . . . . . . . . . . . : 10.3969.0.0
Attributes in output fields . . . : NOT allowed
Border title window detection . . : Yes
  Requires run time version . . . : 4.0C8 (E5xx) (or later)
Colored border window detection . : Yes
  Requires run time version . . . : 4.0C7 (E487) (or later)
Growth maximum  . . . . . . . . . : 0%
Redundant pictures  . . . . . . . : As instructed by developer
Message texts . . . . . . . . . . : MSGID, MSGCON and fixed texts never change
  Constant form . . . . . . . . . : "^[A-Z]*[0-9]+"
  Minimum length  . . . . . . . . : Default
Optimization limit  . . . . . . . : 0
National characters . . . . . . . : \u0021, \u0023-\u0024, \u0040,
                                    \u005b-\u0060, \u007b-\u00ff,
                                    \u2014-\u2016, \u20ac, \u2212, \u2225,
                                    \u301c, \uff0d, \uff5e, \uffe4, \ufffd


Redundant pictures (<r> requires no action):

<r>     (26)        HFF6/AT20DS(FORMAT99)
<r>     (41)        HFF6/AT20SGDS(FORMAT98)
<r>     (44)        HFF6/AT20SGDS(HELP02)
<r>     (45)        HFF6/AT20SGDS(HELP03)
<r>     (49)        HFF6/AT20SGDX(AKTFORM0)
<r>     (50)        HFF6/AT20SGDX(FORMATA)
<r>     (51)        HFF6/AT20SGDX(FORMAT0)
<r>     (53)        HFF6/AT20SGDX(FORMAT2)
<r>     (54)        HFF6/AT20SGDX(FORMAT3)
<r>     (55)        HFF6/AT20SGDX(FORMAT4XXX)
<r>     (57)        HFF6/AT20SGDX(FORMAT8XXX)
<r>     (58)        HFF6/AT20SGDX(FORMAT98)
<r>     (59)        HFF6/AT20SGDX(FORMAT99)
<r>     (60)        HFF6/AT20SGDX(HELP01)
<r>     (61)        HFF6/AT20SGDX(HELP02)
<r>     (62)        HFF6/AT20SGDX(HELP03)
<r>     (63)        HFF6/AT20SGDX(LOEBES)
<r>     (65)        HFF6/AT20SGDX(SFA2)
<r>     (72)        HFF6/BB20DS(FORMAT98)
<r>     (73)        HFF6/BB20DS(FORMAT99)
<r>     (82)        HFF6/BB20EDS(FORMAT98)
<r>     (83)        HFF6/BB20EDS(FORMAT99)
<r>     (84)        HFF6/BB20EDS(HELP01)
<r>     (85)        HFF6/BB20EDS(HELP02)
<r>     (86)        HFF6/BB20EDS(HELP03)
<r>     (87)        HFF6/BB20EDS(KEY01)
<r>     (91)        HFF6/BB20RFDS(KEY01)
<r>    (101)        HFF6/EH01DS(FORMAT98)
<r>    (102)        HFF6/EH01DS(FORMAT99)
<r>    (117)        HFF6/FAHMITDS2(WINDOW99)
<r>    (118)        HFF6/FAHMITDS2(WINDOW1C)
<r>    (119)        HFF6/FAHMITDS2(WINDOW2)
<r>    (120)        HFF6/FAHMITDS2(WINDOW3C)
<r>    (121)        HFF6/FAHMITDS2(WINDOW4C)
<r>    (122)        HFF6/FAHMITDS2(WINDOW5)
<r>    (123)        HFF6/FAHMITDS2(WINDOW6C)
<r>    (124)        HFF6/FAHMITDS2(FMT00+FMT01)
<r>    (125)        HFF6/FAHMITDS2(BAR0+FMT01)
<r>    (135)        HFF6/GU50DS(FORMAT98)
<r>    (136)        HFF6/GU50DS(FORMAT99)
<r>    (139)        HFF6/GU52DS(FORMAT98)
<r>    (140)        HFF6/GU52DS(FORMAT99)
<r>    (149)        HFF6/KDA20DS(FORMAT98)
<r>    (150)        HFF6/KDA20DS(FORMAT99)
<r>    (172)        HFF6/KD20DS(FORMAT98)
<r>    (173)        HFF6/KD20DS(FORMAT99)
<r>    (176)        HFF6/KD20DS(HELP03)
<r>    (199)        HFF6/KM20DS(WINDOW1)
<r>    (212)        HFF6/LI01DSN(FORMAT98)
<r>    (213)        HFF6/LI01DSN(FORMAT99)
<r>    (215)        HFF6/LI01DSN(HELP02)
<r>    (216)        HFF6/LI01DSN(HELP03)
<r>    (219)        HFF6/LI05DS(FORMAT98)
<r>    (220)        HFF6/LI05DS(FORMAT99)
<r>    (222)        HFF6/LI05DS(HELP02)
<r>    (223)        HFF6/LI05DS(HELP03)
<r>    (243)        HFF6/NL20DS(WARNAD)
<r>    (244)        HFF6/NL20DS(WARNFO)
<r>    (245)        HFF6/NL20DS(WARNFO2)
<r>    (246)        HFF6/NL20DS(WARNL0)
<r>    (247)        HFF6/NL20DS(WARNMIN)
<r>    (249)        HFF6/NL20DSSG(WARNAD)
<r>    (251)        HFF6/NL20DSSG(WARNFO)
<r>    (252)        HFF6/NL20DSSG(WARNFO2)
<r>    (255)        HFF6/NL20DSSG(WARNL0)
<r>    (256)        HFF6/NL20DSSG(WARNMIN)
<r>    (259)        HFF6/NL20DSSX(WARNAD)
<r>    (260)        HFF6/NL20DSSX(WARNDR)
<r>    (261)        HFF6/NL20DSSX(WARNFO)
<r>    (262)        HFF6/NL20DSSX(WARNFO2)
<r>    (263)        HFF6/NL20DSSX(WARNFO3)
<r>    (264)        HFF6/NL20DSSX(WARNLB)
<r>    (265)        HFF6/NL20DSSX(WARNL0)
<r>    (266)        HFF6/NL20DSSX(WARNMIN)
<r>    (268)        HFF6/NL20DSSX(SF2C+KEY01)
<r>    (274)        HFF6/NL52DS(FORMAT98)
<r>    (275)        HFF6/NL52DS(FORMAT99)
<r>    (314)        HFF6/REMISCANYY(FORMAT1JW)
<r>    (315)        HFF6/REMISCANYY(SFC)
<r>    (316)        HFF6/REMISCANYY(WINDOW1)
<r>    (317)        HFF6/REMISCANYY(WINDOW10)
<r>    (318)        HFF6/REMISCANYY(WINDOW11)
<r>    (319)        HFF6/REMISCANYY(WINDOW12)
<r>    (320)        HFF6/REMISCANYY(WINDOW13)
<r>    (321)        HFF6/REMISCANYY(WINDOW2)
<r>    (322)        HFF6/REMISCANYY(WINDOW3)
<r>    (323)        HFF6/REMISCANYY(WINDOW4)
<r>    (324)        HFF6/REMISCANYY(WINDOW5)
<r>    (325)        HFF6/REMISCANYY(WINDOW6)
<r>    (326)        HFF6/REMISCANYY(WINDOW7)
<r>    (327)        HFF6/REMISCANYY(WINDOW8)
<r>    (328)        HFF6/REMISCANYY(WINDOW9)
<r>    (330)        HFF6/REMISCUBDS(SFC)
<r>    (331)        HFF6/REMISCUBDS(WINDOW1)
<r>    (332)        HFF6/REMISCUBDS(WINDOW10)
<r>    (333)        HFF6/REMISCUBDS(WINDOW11)
<r>    (334)        HFF6/REMISCUBDS(WINDOW12)
<r>    (335)        HFF6/REMISCUBDS(WINDOW13)
<r>    (336)        HFF6/REMISCUBDS(WINDOW2)
<r>    (337)        HFF6/REMISCUBDS(WINDOW3)
<r>    (338)        HFF6/REMISCUBDS(WINDOW4)
<r>    (339)        HFF6/REMISCUBDS(WINDOW5)
<r>    (340)        HFF6/REMISCUBDS(WINDOW6)
<r>    (341)        HFF6/REMISCUBDS(WINDOW7)
<r>    (342)        HFF6/REMISCUBDS(WINDOW8)
<r>    (343)        HFF6/REMISCUBDS(WINDOW9)
<r>    (349)        HFF6/RG19DS(FORMAT98)
<r>    (350)        HFF6/RG19DS(FORMAT99)
<r>    (352)        HFF6/RG19DS(HELP02)
<r>    (356)        HFF6/RG19DSSG(ARTSFC)
<r>    (359)        HFF6/RG19DSSG(FORMAT98)
<r>    (360)        HFF6/RG19DSSG(FORMAT99)
<r>    (361)        HFF6/RG19DSSG(HELP01)
<r>    (362)        HFF6/RG19DSSG(HELP02)
<r>    (363)        HFF6/RG19DSSG(HELP03)
<r>    (375)        HFF6/RG23DS(FORMAT1)
<r>    (376)        HFF6/RG23DS(HELP01)
<r>    (377)        HFF6/RG23DS(WARNMIN)
<r>    (379)        HFF6/RG30DS(FORMAT1)
<r>    (380)        HFF6/RG30DS(HELP01)
<r>    (381)        HFF6/RG30DS(WARNMIN)
<r>    (383)        HFF6/RG31DS(HELP01)
<r>    (394)        HFF6/RG35DS(SF1C+FUSS6)
<r>    (395)        HFF6/RG35DS(SF1C+FUSS7)
<r>    (401)        HFF6/RG35DS(SF2C+FUSS6)
<r>    (402)        HFF6/RG35DS(SF2C+FUSS7)
<r>    (408)        HFF6/RG35DS(SF3C+FUSS6)
<r>    (409)        HFF6/RG35DS(SF3C+FUSS7)
<r>    (415)        HFF6/RG35DS(SF4C+FUSS6)
<r>    (416)        HFF6/RG35DS(SF4C+FUSS7)
<r>    (422)        HFF6/RG35DS(SF5C+FUSS6)
<r>    (423)        HFF6/RG35DS(SF5C+FUSS7)
<r>    (429)        HFF6/RG35DS(SF6C+FUSS6)
<r>    (430)        HFF6/RG35DS(SF6C+FUSS7)
<r>    (436)        HFF6/RG35DS(SF7C+FUSS6)
<r>    (437)        HFF6/RG35DS(SF7C+FUSS7)
<r>    (447)        HFF6/RK20DSSG(SFC)
<r>    (459)        HFF6/RN50DS(VFC+KEY02)
<r>    (476)        HFF6/RS32KDDY(FORMAT9)
<r>    (479)        HFF6/RS32KDDY(WINDOW13)
<r>    (480)        HFF6/RS32KDDY(SFC1+FUSS)
<r>    (482)        HFF6/SA15DS(FORMAT98)
<r>    (483)        HFF6/SA15DS(FORMAT99)
<r>    (502)        HFF6/TY20DS(FORMAT98)
<r>    (503)        HFF6/TY20DS(FORMAT99)
<r>    (505)        HFF6/TY20DS(HELP02)
<r>    (506)        HFF6/TY20DS(HELP03)
<r>    (534)        HFF6/VP20DS(WINDOW1)
<r>    (535)        HFF6/VP20DS(SF1C+FUSS1)
<r>    (536)        HFF6/VP20DS(SF1C+FUSS2)
<r>    (537)        HFF6/VP20DS(SF1C+FUSS3)
<r>    (538)        HFF6/VP20DS(SF1C+FUSS4)
<r>    (539)        HFF6/VP20DS(SF1C+FUSS5)
<r>    (540)        HFF6/VP20DS(SF1C+FUSS6)
<r>    (541)        HFF6/VP20DS(SF1C+FUSS7)
<r>    (542)        HFF6/VP20DS(SF2C+FUSS1)
<r>    (543)        HFF6/VP20DS(SF2C+FUSS2)
<r>    (544)        HFF6/VP20DS(SF2C+FUSS3)
<r>    (545)        HFF6/VP20DS(SF2C+FUSS4)
<r>    (546)        HFF6/VP20DS(SF2C+FUSS5)
<r>    (547)        HFF6/VP20DS(SF2C+FUSS6)
<r>    (548)        HFF6/VP20DS(SF2C+FUSS7)
<r>    (549)        HFF6/VP20DS(SF3C+FUSS1)
<r>    (550)        HFF6/VP20DS(SF3C+FUSS2)
<r>    (551)        HFF6/VP20DS(SF3C+FUSS3)
<r>    (552)        HFF6/VP20DS(SF3C+FUSS4)
<r>    (553)        HFF6/VP20DS(SF3C+FUSS5)
<r>    (554)        HFF6/VP20DS(SF3C+FUSS6)
<r>    (555)        HFF6/VP20DS(SF3C+FUSS7)
<r>    (556)        HFF6/VP20DS(SF4C+FUSS1)
<r>    (557)        HFF6/VP20DS(SF4C+FUSS2)
<r>    (558)        HFF6/VP20DS(SF4C+FUSS3)
<r>    (559)        HFF6/VP20DS(SF4C+FUSS4)
<r>    (560)        HFF6/VP20DS(SF4C+FUSS5)
<r>    (561)        HFF6/VP20DS(SF4C+FUSS6)
<r>    (562)        HFF6/VP20DS(SF4C+FUSS7)
<r>    (563)        HFF6/VP20DS(SF5C+FUSS1)
<r>    (564)        HFF6/VP20DS(SF5C+FUSS2)
<r>    (565)        HFF6/VP20DS(SF5C+FUSS3)
<r>    (566)        HFF6/VP20DS(SF5C+FUSS4)
<r>    (567)        HFF6/VP20DS(SF5C+FUSS5)
<r>    (568)        HFF6/VP20DS(SF5C+FUSS6)
<r>    (569)        HFF6/VP20DS(SF5C+FUSS7)
<r>    (570)        HFF6/VP20DS(SF6C+FUSS1)
<r>    (571)        HFF6/VP20DS(SF6C+FUSS2)
<r>    (572)        HFF6/VP20DS(SF6C+FUSS3)
<r>    (573)        HFF6/VP20DS(SF6C+FUSS4)
<r>    (574)        HFF6/VP20DS(SF6C+FUSS5)
<r>    (575)        HFF6/VP20DS(SF6C+FUSS6)
<r>    (576)        HFF6/VP20DS(SF6C+FUSS7)
<r>    (577)        HFF6/VP20DS(SF7C+FUSS1)
<r>    (578)        HFF6/VP20DS(SF7C+FUSS2)
<r>    (579)        HFF6/VP20DS(SF7C+FUSS3)
<r>    (580)        HFF6/VP20DS(SF7C+FUSS4)
<r>    (581)        HFF6/VP20DS(SF7C+FUSS5)
<r>    (582)        HFF6/VP20DS(SF7C+FUSS6)
<r>    (583)        HFF6/VP20DS(SF7C+FUSS7)
<r>    (589)        HFF6/VP20DS(SF8C+FUSS6)
<r>    (590)        HFF6/VP20DS(SF8C+FUSS7)
<r>    (596)        HFF6/VP22DS(WINDOW1)
<r>    (597)        HFF6/VP22DS(SF1C+FUSS1)
<r>    (598)        HFF6/VP22DS(SF1C+FUSS2)
<r>    (599)        HFF6/VP22DS(SF1C+FUSS3)
<r>    (600)        HFF6/VP22DS(SF1C+FUSS4)
<r>    (601)        HFF6/VP22DS(SF1C+FUSS5)
<r>    (602)        HFF6/VP22DS(SF1C+FUSS6)
<r>    (603)        HFF6/VP22DS(SF1C+FUSS7)
<r>    (604)        HFF6/VP22DS(SF2C+FUSS1)
<r>    (605)        HFF6/VP22DS(SF2C+FUSS2)
<r>    (606)        HFF6/VP22DS(SF2C+FUSS3)
<r>    (607)        HFF6/VP22DS(SF2C+FUSS4)
<r>    (608)        HFF6/VP22DS(SF2C+FUSS5)
<r>    (609)        HFF6/VP22DS(SF2C+FUSS6)
<r>    (610)        HFF6/VP22DS(SF2C+FUSS7)
<r>    (611)        HFF6/VP22DS(SF3C+FUSS1)
<r>    (612)        HFF6/VP22DS(SF3C+FUSS2)
<r>    (613)        HFF6/VP22DS(SF3C+FUSS3)
<r>    (614)        HFF6/VP22DS(SF3C+FUSS4)
<r>    (615)        HFF6/VP22DS(SF3C+FUSS5)
<r>    (616)        HFF6/VP22DS(SF3C+FUSS6)
<r>    (617)        HFF6/VP22DS(SF3C+FUSS7)
<r>    (618)        HFF6/VP22DS(SF4C+FUSS1)
<r>    (619)        HFF6/VP22DS(SF4C+FUSS2)
<r>    (620)        HFF6/VP22DS(SF4C+FUSS3)
<r>    (621)        HFF6/VP22DS(SF4C+FUSS4)
<r>    (622)        HFF6/VP22DS(SF4C+FUSS5)
<r>    (623)        HFF6/VP22DS(SF4C+FUSS6)
<r>    (624)        HFF6/VP22DS(SF4C+FUSS7)
<r>    (625)        HFF6/VP22DS(SF5C+FUSS1)
<r>    (626)        HFF6/VP22DS(SF5C+FUSS2)
<r>    (627)        HFF6/VP22DS(SF5C+FUSS3)
<r>    (628)        HFF6/VP22DS(SF5C+FUSS4)
<r>    (629)        HFF6/VP22DS(SF5C+FUSS5)
<r>    (630)        HFF6/VP22DS(SF5C+FUSS6)
<r>    (631)        HFF6/VP22DS(SF5C+FUSS7)
<r>    (632)        HFF6/VP22DS(SF6C+FUSS1)
<r>    (633)        HFF6/VP22DS(SF6C+FUSS2)
<r>    (634)        HFF6/VP22DS(SF6C+FUSS3)
<r>    (635)        HFF6/VP22DS(SF6C+FUSS4)
<r>    (636)        HFF6/VP22DS(SF6C+FUSS5)
<r>    (637)        HFF6/VP22DS(SF6C+FUSS6)
<r>    (638)        HFF6/VP22DS(SF6C+FUSS7)
<r>    (639)        HFF6/VP22DS(SF7C+FUSS1)
<r>    (640)        HFF6/VP22DS(SF7C+FUSS2)
<r>    (641)        HFF6/VP22DS(SF7C+FUSS3)
<r>    (642)        HFF6/VP22DS(SF7C+FUSS4)
<r>    (643)        HFF6/VP22DS(SF7C+FUSS5)
<r>    (644)        HFF6/VP22DS(SF7C+FUSS6)
<r>    (645)        HFF6/VP22DS(SF7C+FUSS7)
<r>    (648)        HFF6/VP22PDS(WINDOW1)
<r>    (654)        HFF6/VP22PDS(SF1C+FUSS6)
<r>    (655)        HFF6/VP22PDS(SF1C+FUSS7)
<r>    (661)        HFF6/VP22PDS(SF2C+FUSS6)
<r>    (662)        HFF6/VP22PDS(SF2C+FUSS7)
<r>    (668)        HFF6/VP22PDS(SF3C+FUSS6)
<r>    (669)        HFF6/VP22PDS(SF3C+FUSS7)
<r>    (675)        HFF6/VP22PDS(SF4C+FUSS6)
<r>    (676)        HFF6/VP22PDS(SF4C+FUSS7)
<r>    (682)        HFF6/VP22PDS(SF5C+FUSS6)
<r>    (683)        HFF6/VP22PDS(SF5C+FUSS7)
<r>    (689)        HFF6/VP22PDS(SF6C+FUSS6)
<r>    (690)        HFF6/VP22PDS(SF6C+FUSS7)
<r>    (696)        HFF6/VP22PDS(SF7C+FUSS6)
<r>    (697)        HFF6/VP22PDS(SF7C+FUSS7)
<r>    (699)        HFF6/VP30DS(WINDOW1)
<r>    (701)        HFF6/VP30DS(SF2C+FUSS2)
<r>    (702)        HFF6/VP30DS(SF2C+FUSS3)
<r>    (703)        HFF6/VP30DS(SF2C+FUSS4)
<r>    (704)        HFF6/VP30DS(SF2C+FUSS5)
<r>    (705)        HFF6/VP30DS(SF2C+FUSS6)
<r>    (706)        HFF6/VP30DS(SF2C+FUSS7)
<r>    (707)        HFF6/VP30DS(SF3C+FUSS2)
<r>    (708)        HFF6/VP30DS(SF3C+FUSS3)
<r>    (709)        HFF6/VP30DS(SF3C+FUSS4)
<r>    (710)        HFF6/VP30DS(SF3C+FUSS5)
<r>    (711)        HFF6/VP30DS(SF3C+FUSS6)
<r>    (712)        HFF6/VP30DS(SF3C+FUSS7)
<r>    (713)        HFF6/VP30DS(SF4C+FUSS2)
<r>    (714)        HFF6/VP30DS(SF4C+FUSS3)
<r>    (715)        HFF6/VP30DS(SF4C+FUSS4)
<r>    (716)        HFF6/VP30DS(SF4C+FUSS5)
<r>    (717)        HFF6/VP30DS(SF4C+FUSS6)
<r>    (718)        HFF6/VP30DS(SF4C+FUSS7)
<r>    (719)        HFF6/VP30DS(SF5C+FUSS2)
<r>    (720)        HFF6/VP30DS(SF5C+FUSS3)
<r>    (721)        HFF6/VP30DS(SF5C+FUSS4)
<r>    (722)        HFF6/VP30DS(SF5C+FUSS5)
<r>    (723)        HFF6/VP30DS(SF5C+FUSS6)
<r>    (724)        HFF6/VP30DS(SF5C+FUSS7)
<r>    (725)        HFF6/VP30DS(SF6C+FUSS2)
<r>    (726)        HFF6/VP30DS(SF6C+FUSS3)
<r>    (727)        HFF6/VP30DS(SF6C+FUSS4)
<r>    (728)        HFF6/VP30DS(SF6C+FUSS5)
<r>    (729)        HFF6/VP30DS(SF6C+FUSS6)
<r>    (730)        HFF6/VP30DS(SF6C+FUSS7)
<r>    (731)        HFF6/VP30DS(SF7C+FUSS2)
<r>    (732)        HFF6/VP30DS(SF7C+FUSS3)
<r>    (733)        HFF6/VP30DS(SF7C+FUSS4)
<r>    (734)        HFF6/VP30DS(SF7C+FUSS5)
<r>    (735)        HFF6/VP30DS(SF7C+FUSS6)
<r>    (736)        HFF6/VP30DS(SF7C+FUSS7)
<r>    (737)        HFF6/VP30DS(SF8C+FUSS2)
<r>    (738)        HFF6/VP30DS(SF8C+FUSS3)
<r>    (739)        HFF6/VP30DS(SF8C+FUSS4)
<r>    (740)        HFF6/VP30DS(SF8C+FUSS5)
<r>    (741)        HFF6/VP30DS(SF8C+FUSS6)
<r>    (742)        HFF6/VP30DS(SF8C+FUSS7)
<r>    (744)        HFF6/VP32DS(FORMAT2)
<r>    (745)        HFF6/VP32DS(WINDOW1)
<r>    (746)        HFF6/VP32DS(SF1C+FUSS1)
<r>    (747)        HFF6/VP32DS(SF1C+FUSS2)
<r>    (748)        HFF6/VP32DS(SF1C+FUSS3)
<r>    (749)        HFF6/VP32DS(SF1C+FUSS4)
<r>    (750)        HFF6/VP32DS(SF1C+FUSS5)
<r>    (751)        HFF6/VP32DS(SF1C+FUSS6)
<r>    (752)        HFF6/VP32DS(SF1C+FUSS7)
<r>    (753)        HFF6/VP32DS(SF2C+FUSS1)
<r>    (754)        HFF6/VP32DS(SF2C+FUSS2)
<r>    (755)        HFF6/VP32DS(SF2C+FUSS3)
<r>    (756)        HFF6/VP32DS(SF2C+FUSS4)
<r>    (757)        HFF6/VP32DS(SF2C+FUSS5)
<r>    (758)        HFF6/VP32DS(SF2C+FUSS6)
<r>    (759)        HFF6/VP32DS(SF2C+FUSS7)
<r>    (760)        HFF6/VP32DS(SF3C+FUSS1)
<r>    (761)        HFF6/VP32DS(SF3C+FUSS2)
<r>    (762)        HFF6/VP32DS(SF3C+FUSS3)
<r>    (763)        HFF6/VP32DS(SF3C+FUSS4)
<r>    (764)        HFF6/VP32DS(SF3C+FUSS5)
<r>    (765)        HFF6/VP32DS(SF3C+FUSS6)
<r>    (766)        HFF6/VP32DS(SF3C+FUSS7)
<r>    (767)        HFF6/VP32DS(SF4C+FUSS1)
<r>    (768)        HFF6/VP32DS(SF4C+FUSS2)
<r>    (769)        HFF6/VP32DS(SF4C+FUSS3)
<r>    (770)        HFF6/VP32DS(SF4C+FUSS4)
<r>    (771)        HFF6/VP32DS(SF4C+FUSS5)
<r>    (772)        HFF6/VP32DS(SF4C+FUSS6)
<r>    (773)        HFF6/VP32DS(SF4C+FUSS7)
<r>    (774)        HFF6/VP32DS(SF5C+FUSS1)
<r>    (775)        HFF6/VP32DS(SF5C+FUSS2)
<r>    (776)        HFF6/VP32DS(SF5C+FUSS3)
<r>    (777)        HFF6/VP32DS(SF5C+FUSS4)
<r>    (778)        HFF6/VP32DS(SF5C+FUSS5)
<r>    (779)        HFF6/VP32DS(SF5C+FUSS6)
<r>    (780)        HFF6/VP32DS(SF5C+FUSS7)
<r>    (781)        HFF6/VP32DS(SF6C+FUSS1)
<r>    (782)        HFF6/VP32DS(SF6C+FUSS2)
<r>    (783)        HFF6/VP32DS(SF6C+FUSS3)
<r>    (784)        HFF6/VP32DS(SF6C+FUSS4)
<r>    (785)        HFF6/VP32DS(SF6C+FUSS5)
<r>    (786)        HFF6/VP32DS(SF6C+FUSS6)
<r>    (787)        HFF6/VP32DS(SF6C+FUSS7)
<r>    (788)        HFF6/VP32DS(SF7C+FUSS1)
<r>    (789)        HFF6/VP32DS(SF7C+FUSS2)
<r>    (790)        HFF6/VP32DS(SF7C+FUSS3)
<r>    (791)        HFF6/VP32DS(SF7C+FUSS4)
<r>    (792)        HFF6/VP32DS(SF7C+FUSS5)
<r>    (793)        HFF6/VP32DS(SF7C+FUSS6)
<r>    (794)        HFF6/VP32DS(SF7C+FUSS7)
<r>    (796)        HFF6/VP40DS(WINDOW1)
<r>    (798)        HFF6/VP40DS(SF2C+FUSS2)
<r>    (799)        HFF6/VP40DS(SF2C+FUSS3)
<r>    (800)        HFF6/VP40DS(SF2C+FUSS4)
<r>    (801)        HFF6/VP40DS(SF2C+FUSS5)
<r>    (802)        HFF6/VP40DS(SF2C+FUSS6)
<r>    (803)        HFF6/VP40DS(SF2C+FUSS7)
<r>    (804)        HFF6/VP40DS(SF3C+FUSS2)
<r>    (805)        HFF6/VP40DS(SF3C+FUSS3)
<r>    (806)        HFF6/VP40DS(SF3C+FUSS4)
<r>    (807)        HFF6/VP40DS(SF3C+FUSS5)
<r>    (808)        HFF6/VP40DS(SF3C+FUSS6)
<r>    (809)        HFF6/VP40DS(SF3C+FUSS7)
<r>    (810)        HFF6/VP40DS(SF4C+FUSS2)
<r>    (811)        HFF6/VP40DS(SF4C+FUSS3)
<r>    (812)        HFF6/VP40DS(SF4C+FUSS4)
<r>    (813)        HFF6/VP40DS(SF4C+FUSS5)
<r>    (814)        HFF6/VP40DS(SF4C+FUSS6)
<r>    (815)        HFF6/VP40DS(SF4C+FUSS7)
<r>    (816)        HFF6/VP40DS(SF5C+FUSS2)
<r>    (817)        HFF6/VP40DS(SF5C+FUSS3)
<r>    (818)        HFF6/VP40DS(SF5C+FUSS4)
<r>    (819)        HFF6/VP40DS(SF5C+FUSS5)
<r>    (820)        HFF6/VP40DS(SF5C+FUSS6)
<r>    (821)        HFF6/VP40DS(SF5C+FUSS7)
<r>    (822)        HFF6/VP40DS(SF6C+FUSS2)
<r>    (823)        HFF6/VP40DS(SF6C+FUSS3)
<r>    (824)        HFF6/VP40DS(SF6C+FUSS4)
<r>    (825)        HFF6/VP40DS(SF6C+FUSS5)
<r>    (826)        HFF6/VP40DS(SF6C+FUSS6)
<r>    (827)        HFF6/VP40DS(SF6C+FUSS7)
<r>    (828)        HFF6/VP40DS(SF7C+FUSS2)
<r>    (829)        HFF6/VP40DS(SF7C+FUSS3)
<r>    (830)        HFF6/VP40DS(SF7C+FUSS4)
<r>    (831)        HFF6/VP40DS(SF7C+FUSS5)
<r>    (832)        HFF6/VP40DS(SF7C+FUSS6)
<r>    (833)        HFF6/VP40DS(SF7C+FUSS7)
<r>    (845)        SEATRUNK/LB21DSSF(FORMAT98)
<r>    (846)        SEATRUNK/LB21DSSF(FORMAT99)
<r>    (860)        OSNA_SRC/KD10DS(FORMAT98)
<r>    (861)        OSNA_SRC/KD10DS(FORMAT99)
<r>    (864)        OSNA_SRC/KD10DS(HELP03)
<r>    (875)        OSNA_SRC/LI01DS(FORMAT98)
<r>    (876)        OSNA_SRC/LI01DS(FORMAT99)
<r>    (878)        OSNA_SRC/LI01DS(HELP02)
<r>    (879)        OSNA_SRC/LI01DS(HELP03)
<r>    (880)        OSNA_SRC/LI01DS(LIEFBES)
<r>    (882)        OSNA_SRC/LI01DSN(ANZBES)
<r>    (884)        OSNA_SRC/LI01DSN(FORMAT98)
<r>    (885)        OSNA_SRC/LI01DSN(FORMAT99)
<r>    (886)        OSNA_SRC/LI01DSN(HELP01)
<r>    (887)        OSNA_SRC/LI01DSN(HELP02)
<r>    (888)        OSNA_SRC/LI01DSN(HELP03)
<r>    (889)        OSNA_SRC/LI01DSN(LIEFBES)
<r>    (897)        OSNA_SRC/LP07DS(FORMAT1)
<r>    (899)        OSNA_SRC/NL19DS(WARNAD)
<r>    (901)        OSNA_SRC/NL19DS(WARNFO)
<r>    (902)        OSNA_SRC/NL19DS(WARNFO2)
<r>    (903)        OSNA_SRC/NL19DS(WARNLB)
<r>    (904)        OSNA_SRC/NL19DS(WARNL0)
<r>    (905)        OSNA_SRC/NL19DS(WARNMIN)
<r>    (922)        OSNA_SRC/RE31DS(SFC)
<r>    (925)        OSNA_SRC/RG22DS(FORMAT1)
<r>    (926)        OSNA_SRC/RG22DS(HELP01)
<r>    (927)        OSNA_SRC/RG22DS(WARNMIN)
<r>    (928)        OSNA_SRC/RG22DS(SFC+KEY01)
<r>    (931)        OSNA_SRC/RK23DS(FUSS)
<r>    (932)        OSNA_SRC/RK23DS(SFC)
<r>    (934)        OSNA_SRC/RSC03DS(WINDOW1)
<r>    (935)        OSNA_SRC/RSC03DS(FC0001+KEY01)


24x80 pictures conditionally identified (<c> should be checked):

<c>    (181)        HFF6/KD20DS(SBC+KEY01)
<c>    (182)        HFF6/KD20DS(SBCDROPPED+KEY01)
<c>    (280)        HFF6/NL90DS(HELP01+KEY01)
<c>    (281)        HFF6/NL90DS(HELP01+KEY02)
<c>    (282)        HFF6/NL90DS(SAC+KEY01)
<c>    (283)        HFF6/NL90DS(SAC+KEY02)
<c>    (284)        HFF6/NL90DS(SFC+KEY01)
<c>    (285)        HFF6/NL90DS(SFC+KEY02)
<c>    (290)        HFF6/RA37DS(SFC)
<c>    (389)        HFF6/RG35DS(SF1C+FUSS1)
<c>    (390)        HFF6/RG35DS(SF1C+FUSS2)
<c>    (391)        HFF6/RG35DS(SF1C+FUSS3)
<c>    (392)        HFF6/RG35DS(SF1C+FUSS4)
<c>    (393)        HFF6/RG35DS(SF1C+FUSS5)
<c>    (396)        HFF6/RG35DS(SF2C+FUSS1)
<c>    (397)        HFF6/RG35DS(SF2C+FUSS2)
<c>    (398)        HFF6/RG35DS(SF2C+FUSS3)
<c>    (399)        HFF6/RG35DS(SF2C+FUSS4)
<c>    (400)        HFF6/RG35DS(SF2C+FUSS5)
<c>    (403)        HFF6/RG35DS(SF3C+FUSS1)
<c>    (404)        HFF6/RG35DS(SF3C+FUSS2)
<c>    (405)        HFF6/RG35DS(SF3C+FUSS3)
<c>    (406)        HFF6/RG35DS(SF3C+FUSS4)
<c>    (407)        HFF6/RG35DS(SF3C+FUSS5)
<c>    (410)        HFF6/RG35DS(SF4C+FUSS1)
<c>    (411)        HFF6/RG35DS(SF4C+FUSS2)
<c>    (412)        HFF6/RG35DS(SF4C+FUSS3)
<c>    (413)        HFF6/RG35DS(SF4C+FUSS4)
<c>    (414)        HFF6/RG35DS(SF4C+FUSS5)
<c>    (417)        HFF6/RG35DS(SF5C+FUSS1)
<c>    (418)        HFF6/RG35DS(SF5C+FUSS2)
<c>    (419)        HFF6/RG35DS(SF5C+FUSS3)
<c>    (420)        HFF6/RG35DS(SF5C+FUSS4)
<c>    (421)        HFF6/RG35DS(SF5C+FUSS5)
<c>    (424)        HFF6/RG35DS(SF6C+FUSS1)
<c>    (425)        HFF6/RG35DS(SF6C+FUSS2)
<c>    (426)        HFF6/RG35DS(SF6C+FUSS3)
<c>    (427)        HFF6/RG35DS(SF6C+FUSS4)
<c>    (428)        HFF6/RG35DS(SF6C+FUSS5)
<c>    (431)        HFF6/RG35DS(SF7C+FUSS1)
<c>    (432)        HFF6/RG35DS(SF7C+FUSS2)
<c>    (433)        HFF6/RG35DS(SF7C+FUSS3)
<c>    (434)        HFF6/RG35DS(SF7C+FUSS4)
<c>    (435)        HFF6/RG35DS(SF7C+FUSS5)
<c>    (584)        HFF6/VP20DS(SF8C+FUSS1)
<c>    (585)        HFF6/VP20DS(SF8C+FUSS2)
<c>    (586)        HFF6/VP20DS(SF8C+FUSS3)
<c>    (587)        HFF6/VP20DS(SF8C+FUSS4)
<c>    (588)        HFF6/VP20DS(SF8C+FUSS5)
<c>    (649)        HFF6/VP22PDS(SF1C+FUSS1)
<c>    (650)        HFF6/VP22PDS(SF1C+FUSS2)
<c>    (651)        HFF6/VP22PDS(SF1C+FUSS3)
<c>    (652)        HFF6/VP22PDS(SF1C+FUSS4)
<c>    (653)        HFF6/VP22PDS(SF1C+FUSS5)
<c>    (656)        HFF6/VP22PDS(SF2C+FUSS1)
<c>    (657)        HFF6/VP22PDS(SF2C+FUSS2)
<c>    (658)        HFF6/VP22PDS(SF2C+FUSS3)
<c>    (659)        HFF6/VP22PDS(SF2C+FUSS4)
<c>    (660)        HFF6/VP22PDS(SF2C+FUSS5)
<c>    (663)        HFF6/VP22PDS(SF3C+FUSS1)
<c>    (664)        HFF6/VP22PDS(SF3C+FUSS2)
<c>    (665)        HFF6/VP22PDS(SF3C+FUSS3)
<c>    (666)        HFF6/VP22PDS(SF3C+FUSS4)
<c>    (667)        HFF6/VP22PDS(SF3C+FUSS5)
<c>    (670)        HFF6/VP22PDS(SF4C+FUSS1)
<c>    (671)        HFF6/VP22PDS(SF4C+FUSS2)
<c>    (672)        HFF6/VP22PDS(SF4C+FUSS3)
<c>    (673)        HFF6/VP22PDS(SF4C+FUSS4)
<c>    (674)        HFF6/VP22PDS(SF4C+FUSS5)
<c>    (677)        HFF6/VP22PDS(SF5C+FUSS1)
<c>    (678)        HFF6/VP22PDS(SF5C+FUSS2)
<c>    (679)        HFF6/VP22PDS(SF5C+FUSS3)
<c>    (680)        HFF6/VP22PDS(SF5C+FUSS4)
<c>    (681)        HFF6/VP22PDS(SF5C+FUSS5)
<c>    (684)        HFF6/VP22PDS(SF6C+FUSS1)
<c>    (685)        HFF6/VP22PDS(SF6C+FUSS2)
<c>    (686)        HFF6/VP22PDS(SF6C+FUSS3)
<c>    (687)        HFF6/VP22PDS(SF6C+FUSS4)
<c>    (688)        HFF6/VP22PDS(SF6C+FUSS5)
<c>    (691)        HFF6/VP22PDS(SF7C+FUSS1)
<c>    (692)        HFF6/VP22PDS(SF7C+FUSS2)
<c>    (693)        HFF6/VP22PDS(SF7C+FUSS3)
<c>    (694)        HFF6/VP22PDS(SF7C+FUSS4)
<c>    (695)        HFF6/VP22PDS(SF7C+FUSS5)
<c>    (918)        OSNA_SRC/RA37MSDS(SFC)


27x132 pictures conditionally identified (<c> should be checked):

<c>    (347)        HFF6/RG19DS(FORMAT2)
<c>    (357)        HFF6/RG19DSSG(FORMAT2)


Picture identification report:             See:    Recommended action:

Redundant . . . . . . . . . . . . :   428   <r>    None
Identical . . . . . . . . . . . . :     0
Cannot be distinguished . . . . . :     0
Conditionally identified  . . . . :    87   <c>    Should be checked

Uniquely identified . . . . . . . :   424

Total number of pictures. . . . . :   939
