Generating Ini file... Done
Copying resource files...
   Determining differences...
   Skipping file: /VLLD6/Resources/DISKETTE.GIF
   Skipping file: /VLLD6/Resources/DRUCKER 16X16.GIF
   Skipping file: /VLLD6/Resources/EXCEL 16X16.GIF
   Skipping file: /VLLD6/Resources/EXIT 16X16.GIF
   Skipping file: /VLLD6/Resources/Forward_3.gif
   Skipping file: /VLLD6/Resources/INFO 16X16.GIF
   Skipping file: /VLLD6/Resources/KALENDER.GIF
   Skipping file: /VLLD6/Resources/Kartei.gif
   Skipping file: /VLLD6/Resources/LLD_BANNER_MAIN.JPG
   Skipping file: /VLLD6/Resources/LLD_BUTTON_RUND_01_NACHOBEN.GIF
   Skipping file: /VLLD6/Resources/LLD_BUTTON_RUND_01_NACHUNTEN.GIF
   Skipping file: /VLLD6/Resources/LLD_BUTTON_RUND_01_R¸CKW‰RTS.GIF
   Skipping file: /VLLD6/Resources/LLD_BUTTON_RUND_01_VORW‰RTS.GIF
   Skipping file: /VLLD6/Resources/LLD_LOGO.JPG
   Skipping file: /VLLD6/Resources/LLD_STANDARD_MAIN.JPG
   Skipping file: /VLLD6/Resources/LLD_Sign_Achtung.gif
   Skipping file: /VLLD6/Resources/LUPE 16X16.GIF
   Skipping file: /VLLD6/Resources/RECHNER.GIF
   Skipping file: /VLLD6/Resources/WEITER.GIF
   Skipping file: /VLLD6/Resources/WORD 16X16.GIF
   Skipping file: /VLLD6/Resources/docuware.png
   Skipping file: /VLLD6/Resources/excel2.gif
   Skipping file: /VLLD6/Resources/logo weigelt.jpg
   Skipping file: /VLLD6/Resources/logo1.gif
   Skipping file: /VLLD6/Resources/maps_logo.gif
   Skipping file: /VLLD6/Resources/phone03.ico
   Skipping file: /VLLD6/Resources/phone79.ico
   Skipping file: /VLLD6/Resources/pseudo_combo.gif
   Skipping file: /VLLD6/Resources/stop3.gif
   Skipping file: /VLLD6/Resources/trunk.gif
   Skipping file: /VLLD6/Resources/vorfahrt2.gif
   Skipping file: /VLLD6/Resources/vorfahrt3.gif
Copying Message file to TEXTE.lwm... Done
Copying Translation file to trans.lwx... Done
Publishing package file 'VLLD6':
Product                                                : LegaSuite GUI Builder for 5250
Version                                                : Version 10.2.0 (build 10.3969.0.0)
Compiled filename                                      : C:\Users\lldml\git\VLLD\VLLD6\bin\VLLD6.lwr
Project                                                : C:\Users\lldml\git\VLLD\VLLD6
Emulator work file                                     : VLLD6.lwe
Panel work file                                        : VLLD6.lwa
Message file                                           : TEXTE.messages
Translation                                            : trans.translations
Publish version                                        : 
Company name                                           : LLD
Application title                                      : VLLD6
Initial licenses                                       : 999
Options                                                : Verify for Windows Client only
Validate (embedded) scripts                            : no
Set clipping for overlapping fields                    : no
Sort panel fields                                      : no
Encryption  method:                                    : None
Compression method:                                    : Zlib
Package File is Hashed:                                : yes
Maximize at start                                      : no
Assign Mnemonics                                       : yes
Function keys to session                               : yes
Line 25 message box                                    : yes
Remove pseudo_underline in entry fields                : no
Allow right click menus on disabled fields             : no
Allow host cursor move to disabled fields              : no
Use Parent Background color for static fields          : yes
Allow use other projects data                          : no
Resize list box row height before adjusting font size  : no
Fallback package                                       : no
Application popup position                             : Default
Script text file codepage                              : 0
Development package                                    : no
Warning: OisObject 'C_2783' - OIS object C_2783: script name C_2783 not found.
Warning: OisObject 'C_KDVKST' - OIS object C_KDVKST: script name C_KDVKST not found.
Warning: OisObject 'EX_3796' - OIS object EX_3796: script name EX_3796 not found.
Warning: OisObject 'OIS353' - OIS object OIS353: script name P_353 not found.
Warning: Screen '(287_2)' - Screen (287_2) has no corresponding panel.
Warning: Screen '(298)' - Screen (298) has no corresponding panel.
Warning: Screen '(313)' - Screen (313) has no corresponding panel.
Warning: Screen '(348SO)' - Screen (348SO) has no corresponding panel.
Warning: Screen 'BZAENDS' - Screen BZAENDS has no corresponding panel.
Warning: Panel '(933)' - panel:Overlapping fields without clipping found.
Publication successfully finished with 10 warning(s).
Process finished in 8.547 seconds

